<?xml version="1.0" encoding="UTF-8"?>
<testsuite xmlns:xsi="http://www.w3.org/2001/XMLSchema-instance" xsi:noNamespaceSchemaLocation="https://maven.apache.org/surefire/maven-surefire-plugin/xsd/surefire-test-report.xsd" version="3.0.2" name="com.gaurav.order_service.OrderServiceApplicationTests" time="38.969" tests="1" errors="0" skipped="0" failures="0">
  <properties>
[...]
</properties>
  <testcase name="shouldPlaceOrder" classname="com.gaurav.order_service.OrderServiceApplicationTests" time="0.364">
    <system-out><![CDATA[13:56:14.603 [main] INFO org.springframework.test.context.support.AnnotationConfigContextLoaderUtils -- Could not detect default configuration classes for test class [com.gaurav.order_service.OrderServiceApplicationTests]: OrderServiceApplicationTests does not declare any static, non-private, non-final, nested classes annotated with @Configuration.
13:56:14.625 [main] INFO org.testcontainers.images.PullPolicy -- Image pull policy will be performed by: DefaultPullPolicy()
13:56:14.626 [main] INFO org.testcontainers.utility.ImageNameSubstitutor -- Image name substitution will be performed by: DefaultImageNameSubstitutor (composite of 'ConfigurationFileImageNameSubstitutor' and 'PrefixingImageNameSubstitutor')
13:56:14.640 [main] INFO org.testcontainers.DockerClientFactory -- Testcontainers version: 2.0.5
13:56:14.727 [main] INFO org.testcontainers.dockerclient.DockerClientProviderStrategy -- Loaded org.testcontainers.dockerclient.UnixSocketClientProviderStrategy from ~/.testcontainers.properties, will try it first
13:56:14.881 [main] INFO org.testcontainers.dockerclient.DockerClientProviderStrategy -- Found Docker environment with local Unix socket (unix:///var/run/docker.sock)
13:56:14.881 [main] INFO org.testcontainers.DockerClientFactory -- Docker host IP address is localhost
13:56:14.895 [main] INFO org.testcontainers.DockerClientFactory -- Connected to docker: 
  Server Version: 29.4.0
  API Version: 1.54
  Operating System: Docker Desktop
  Total Memory: 7936 MB
  Labels: 
    com.docker.desktop.address=unix:///Users/gaurav/Library/Containers/com.docker.docker/Data/docker-cli.sock
13:56:14.944 [main] INFO tc.testcontainers/ryuk:0.14.0 -- Creating container for image: testcontainers/ryuk:0.14.0
13:56:15.106 [main] INFO tc.testcontainers/ryuk:0.14.0 -- Container testcontainers/ryuk:0.14.0 is starting: 36c230752b0e566c059aa5ae0956450b0a5d78285438264bcd9ae5fe46cd9d40
13:56:15.301 [main] INFO tc.testcontainers/ryuk:0.14.0 -- Container testcontainers/ryuk:0.14.0 started in PT0.357536S
13:56:15.306 [main] INFO org.testcontainers.utility.RyukResourceReaper -- Ryuk started - will monitor and terminate Testcontainers containers on JVM exit
13:56:15.306 [main] INFO org.testcontainers.DockerClientFactory -- Checking the system...
13:56:15.306 [main] INFO org.testcontainers.DockerClientFactory -- ✔︎ Docker server version should be at least 1.6.0
13:56:15.312 [main] INFO tc.mysql:8.0 -- Pulling docker image: mysql:8.0. Please be patient; this may take some time but only needs to be done once.
13:56:18.162 [docker-java-stream-1556166765] INFO tc.mysql:8.0 -- Starting to pull image
13:56:18.177 [docker-java-stream-1556166765] INFO tc.mysql:8.0 -- Pulling image layers:  0 pending,  0 downloaded,  0 extracted, (0 bytes/0 bytes)
13:56:20.922 [docker-java-stream-1556166765] INFO tc.mysql:8.0 -- Pulling image layers: 11 pending,  1 downloaded,  0 extracted, (0 bytes/? MB)
13:56:21.522 [docker-java-stream-1556166765] INFO tc.mysql:8.0 -- Pulling image layers: 11 pending,  2 downloaded,  0 extracted, (2 MB/? MB)
13:56:21.621 [docker-java-stream-1556166765] INFO tc.mysql:8.0 -- Pulling image layers: 10 pending,  3 downloaded,  0 extracted, (3 MB/? MB)
13:56:21.623 [docker-java-stream-1556166765] INFO tc.mysql:8.0 -- Pulling image layers:  9 pending,  4 downloaded,  0 extracted, (4 MB/? MB)
13:56:21.624 [docker-java-stream-1556166765] INFO tc.mysql:8.0 -- Pulling image layers:  8 pending,  5 downloaded,  0 extracted, (4 MB/? MB)
13:56:21.625 [docker-java-stream-1556166765] INFO tc.mysql:8.0 -- Pulling image layers:  7 pending,  6 downloaded,  0 extracted, (4 MB/? MB)
13:56:22.022 [docker-java-stream-1556166765] INFO tc.mysql:8.0 -- Pulling image layers:  6 pending,  7 downloaded,  0 extracted, (7 MB/? MB)
13:56:22.221 [docker-java-stream-1556166765] INFO tc.mysql:8.0 -- Pulling image layers:  5 pending,  8 downloaded,  0 extracted, (9 MB/? MB)
13:56:24.222 [docker-java-stream-1556166765] INFO tc.mysql:8.0 -- Pulling image layers:  4 pending,  9 downloaded,  0 extracted, (29 MB/? MB)
13:56:26.319 [docker-java-stream-1556166765] INFO tc.mysql:8.0 -- Pulling image layers:  3 pending, 10 downloaded,  0 extracted, (49 MB/? MB)
13:56:36.020 [docker-java-stream-1556166765] INFO tc.mysql:8.0 -- Pulling image layers:  2 pending, 11 downloaded,  0 extracted, (149 MB/? MB)
13:56:36.423 [docker-java-stream-1556166765] INFO tc.mysql:8.0 -- Pulling image layers:  2 pending, 11 downloaded,  1 extracted, (152 MB/? MB)
13:56:36.424 [docker-java-stream-1556166765] INFO tc.mysql:8.0 -- Pulling image layers:  2 pending, 11 downloaded,  2 extracted, (152 MB/? MB)
13:56:36.518 [docker-java-stream-1556166765] INFO tc.mysql:8.0 -- Pulling image layers:  2 pending, 11 downloaded,  3 extracted, (153 MB/? MB)
13:56:36.519 [docker-java-stream-1556166765] INFO tc.mysql:8.0 -- Pulling image layers:  2 pending, 11 downloaded,  4 extracted, (153 MB/? MB)
13:56:36.519 [docker-java-stream-1556166765] INFO tc.mysql:8.0 -- Pulling image layers:  2 pending, 11 downloaded,  5 extracted, (153 MB/? MB)
13:56:36.519 [docker-java-stream-1556166765] INFO tc.mysql:8.0 -- Pulling image layers:  2 pending, 11 downloaded,  6 extracted, (153 MB/? MB)
13:56:38.819 [docker-java-stream-1556166765] INFO tc.mysql:8.0 -- Pulling image layers:  1 pending, 12 downloaded,  6 extracted, (169 MB/? MB)
13:56:39.218 [docker-java-stream-1556166765] INFO tc.mysql:8.0 -- Pulling image layers:  1 pending, 12 downloaded,  7 extracted, (173 MB/? MB)
13:56:39.219 [docker-java-stream-1556166765] INFO tc.mysql:8.0 -- Pulling image layers:  1 pending, 12 downloaded,  8 extracted, (173 MB/? MB)
13:56:44.620 [docker-java-stream-1556166765] INFO tc.mysql:8.0 -- Pulling image layers:  0 pending, 13 downloaded,  8 extracted, (231 MB/232 MB)
13:56:46.321 [docker-java-stream-1556166765] INFO tc.mysql:8.0 -- Pulling image layers:  0 pending, 13 downloaded,  9 extracted, (231 MB/232 MB)
13:56:46.335 [docker-java-stream-1556166765] INFO tc.mysql:8.0 -- Pulling image layers:  0 pending, 13 downloaded, 10 extracted, (231 MB/232 MB)
13:56:46.335 [docker-java-stream-1556166765] INFO tc.mysql:8.0 -- Pulling image layers:  0 pending, 13 downloaded, 11 extracted, (231 MB/232 MB)
13:56:46.336 [docker-java-stream-1556166765] INFO tc.mysql:8.0 -- Pull complete. 13 layers, pulled in 28s (downloaded 231 MB at 8 MB/s)
13:56:46.336 [main] INFO tc.mysql:8.0 -- Image mysql:8.0 pull took PT31.02401S
13:56:46.420 [main] INFO org.springframework.boot.test.context.SpringBootTestContextBootstrapper -- Found @SpringBootConfiguration com.gaurav.order_service.OrderServiceApplication for test class com.gaurav.order_service.OrderServiceApplicationTests
13:56:46.457 [main] INFO tc.mysql:8.0 -- Creating container for image: mysql:8.0
13:56:46.782 [main] INFO tc.mysql:8.0 -- Container mysql:8.0 is starting: 2cd0e4697054e2db10ff23579a96601cc52597c6bcddc628194fe2d50f5a6bde
13:56:46.866 [main] INFO tc.mysql:8.0 -- Waiting for database connection to become available at jdbc:mysql://localhost:54515/test using query 'SELECT 1'
13:56:51.387 [main] INFO tc.mysql:8.0 -- Container mysql:8.0 started in PT4.930232S
13:56:51.387 [main] INFO tc.mysql:8.0 -- Container is started (JDBC URL: jdbc:mysql://localhost:54515/test)

  .   ____          _            __ _ _
 /\\ / ___'_ __ _ _(_)_ __  __ _ \ \ \ \
( ( )\___ | '_ | '_| | '_ \/ _` | \ \ \ \
 \\/  ___)| |_)| | | | | || (_| |  ) ) ) )
  '  |____| .__|_| |_|_| |_\__, | / / / /
 =========|_|==============|___/=/_/_/_/

 :: Spring Boot ::                (v3.4.0)

2026-04-26T13:56:51.497+05:30  INFO 21632 --- [order-service] [           main] c.g.o.OrderServiceApplicationTests       : Starting OrderServiceApplicationTests using Java 21.0.9 with PID 21632 (started by gaurav in /Users/gaurav/Documents/spring-boot_microservice_project/order-service)
2026-04-26T13:56:51.498+05:30  INFO 21632 --- [order-service] [           main] c.g.o.OrderServiceApplicationTests       : No active profile set, falling back to 1 default profile: "default"
2026-04-26T13:56:51.696+05:30  INFO 21632 --- [order-service] [           main] .s.d.r.c.RepositoryConfigurationDelegate : Bootstrapping Spring Data JPA repositories in DEFAULT mode.
2026-04-26T13:56:51.712+05:30  INFO 21632 --- [order-service] [           main] .s.d.r.c.RepositoryConfigurationDelegate : Finished Spring Data repository scanning in 14 ms. Found 1 JPA repository interface.
2026-04-26T13:56:51.836+05:30  INFO 21632 --- [order-service] [           main] o.hibernate.jpa.internal.util.LogHelper  : HHH000204: Processing PersistenceUnitInfo [name: default]
2026-04-26T13:56:51.857+05:30  INFO 21632 --- [order-service] [           main] org.hibernate.Version                    : HHH000412: Hibernate ORM core version 6.6.2.Final
2026-04-26T13:56:51.868+05:30  INFO 21632 --- [order-service] [           main] o.h.c.internal.RegionFactoryInitiator    : HHH000026: Second-level cache disabled
2026-04-26T13:56:51.963+05:30  INFO 21632 --- [order-service] [           main] o.s.o.j.p.SpringPersistenceUnitInfo      : No LoadTimeWeaver setup: ignoring JPA class transformer
2026-04-26T13:56:51.973+05:30  INFO 21632 --- [order-service] [           main] com.zaxxer.hikari.HikariDataSource       : HikariPool-1 - Starting...
2026-04-26T13:56:52.024+05:30  INFO 21632 --- [order-service] [           main] com.zaxxer.hikari.pool.HikariPool        : HikariPool-1 - Added connection com.mysql.cj.jdbc.ConnectionImpl@1322b542
2026-04-26T13:56:52.024+05:30  INFO 21632 --- [order-service] [           main] com.zaxxer.hikari.HikariDataSource       : HikariPool-1 - Start completed.
2026-04-26T13:56:52.050+05:30  INFO 21632 --- [order-service] [           main] org.hibernate.orm.connections.pooling    : HHH10001005: Database info:
	Database JDBC URL [Connecting through datasource 'HikariDataSource (HikariPool-1)']
	Database driver: undefined/unknown
	Database version: 8.0.46
	Autocommit mode: undefined/unknown
	Isolation level: undefined/unknown
	Minimum pool size: undefined/unknown
	Maximum pool size: undefined/unknown
2026-04-26T13:56:52.335+05:30  INFO 21632 --- [order-service] [           main] o.h.e.t.j.p.i.JtaPlatformInitiator       : HHH000489: No JTA platform available (set 'hibernate.transaction.jta.platform' to enable JTA platform integration)
Hibernate: create table t_order_line_items (id bigint not null auto_increment, price decimal(38,2), quantity integer, sku_code varchar(255), primary key (id)) engine=InnoDB
Hibernate: create table t_orders (id bigint not null auto_increment, order_number varchar(255), primary key (id)) engine=InnoDB
Hibernate: create table t_orders_order_line_items_list (order_id bigint not null, order_line_items_list_id bigint not null) engine=InnoDB
Hibernate: alter table t_orders_order_line_items_list drop index UKnqpoocsk2utvq7va8bgth1mj9
Hibernate: alter table t_orders_order_line_items_list add constraint UKnqpoocsk2utvq7va8bgth1mj9 unique (order_line_items_list_id)
Hibernate: alter table t_orders_order_line_items_list add constraint FK1qq155yd0omg8y9in6526bhaj foreign key (order_line_items_list_id) references t_order_line_items (id)
Hibernate: alter table t_orders_order_line_items_list add constraint FK3wdgw7hxmodjqfulfaymc8aof foreign key (order_id) references t_orders (id)
2026-04-26T13:56:52.678+05:30  INFO 21632 --- [order-service] [           main] j.LocalContainerEntityManagerFactoryBean : Initialized JPA EntityManagerFactory for persistence unit 'default'
2026-04-26T13:56:52.803+05:30  WARN 21632 --- [order-service] [           main] JpaBaseConfiguration$JpaWebConfiguration : spring.jpa.open-in-view is enabled by default. Therefore, database queries may be performed during view rendering. Explicitly configure spring.jpa.open-in-view to disable this warning
2026-04-26T13:56:52.913+05:30  INFO 21632 --- [order-service] [           main] o.s.b.t.m.w.SpringBootMockServletContext : Initializing Spring TestDispatcherServlet ''
2026-04-26T13:56:52.913+05:30  INFO 21632 --- [order-service] [           main] o.s.t.web.servlet.TestDispatcherServlet  : Initializing Servlet ''
2026-04-26T13:56:52.914+05:30  INFO 21632 --- [order-service] [           main] o.s.t.web.servlet.TestDispatcherServlet  : Completed initialization in 1 ms
2026-04-26T13:56:52.924+05:30  INFO 21632 --- [order-service] [           main] c.g.o.OrderServiceApplicationTests       : Started OrderServiceApplicationTests in 1.519 seconds (process running for 38.546)
Hibernate: insert into t_orders (order_number) values (?)
Hibernate: insert into t_order_line_items (price,quantity,sku_code) values (?,?,?)
Hibernate: insert into t_orders_order_line_items_list (order_id,order_line_items_list_id) values (?,?)
Hibernate: select o1_0.id,o1_0.order_number from t_orders o1_0
]]></system-out>
    <system-err><![CDATA[Mockito is currently self-attaching to enable the inline-mock-maker. This will no longer work in future releases of the JDK. Please add Mockito as an agent to your build what is described in Mockito's documentation: https://javadoc.io/doc/org.mockito/mockito-core/latest/org/mockito/Mockito.html#0.3
WARNING: A Java agent has been loaded dynamically (/Users/gaurav/.m2/repository/net/bytebuddy/byte-buddy-agent/1.15.10/byte-buddy-agent-1.15.10.jar)
WARNING: If a serviceability tool is in use, please run with -XX:+EnableDynamicAgentLoading to hide this warning
WARNING: If a serviceability tool is not in use, please run with -Djdk.instrument.traceUsage for more information
WARNING: Dynamic loading of agents will be disallowed by default in a future release
]]></system-err>
  </testcase>
</testsuite>