<?xml version="1.0" encoding="UTF-8"?>
<testsuite xmlns:xsi="http://www.w3.org/2001/XMLSchema-instance" xsi:noNamespaceSchemaLocation="https://maven.apache.org/surefire/maven-surefire-plugin/xsd/surefire-test-report.xsd" version="3.0.2" name="com.gaurav.inventory_service.InventoryServiceApplicationTests" time="8.951" tests="1" errors="0" skipped="0" failures="0">
  <properties>
[...]
</properties>
  <testcase name="shouldCheckInventory" classname="com.gaurav.inventory_service.InventoryServiceApplicationTests" time="0.347">
    <system-out><![CDATA[15:15:43.902 [main] INFO org.springframework.test.context.support.AnnotationConfigContextLoaderUtils -- Could not detect default configuration classes for test class [com.gaurav.inventory_service.InventoryServiceApplicationTests]: InventoryServiceApplicationTests does not declare any static, non-private, non-final, nested classes annotated with @Configuration.
15:15:43.928 [main] INFO org.testcontainers.images.PullPolicy -- Image pull policy will be performed by: DefaultPullPolicy()
15:15:43.929 [main] INFO org.testcontainers.utility.ImageNameSubstitutor -- Image name substitution will be performed by: DefaultImageNameSubstitutor (composite of 'ConfigurationFileImageNameSubstitutor' and 'PrefixingImageNameSubstitutor')
15:15:43.945 [main] INFO org.testcontainers.DockerClientFactory -- Testcontainers version: 2.0.5
15:15:44.042 [main] INFO org.testcontainers.dockerclient.DockerClientProviderStrategy -- Loaded org.testcontainers.dockerclient.UnixSocketClientProviderStrategy from ~/.testcontainers.properties, will try it first
15:15:45.655 [main] INFO org.testcontainers.dockerclient.DockerClientProviderStrategy -- Found Docker environment with local Unix socket (unix:///var/run/docker.sock)
15:15:45.656 [main] INFO org.testcontainers.DockerClientFactory -- Docker host IP address is localhost
15:15:45.665 [main] INFO org.testcontainers.DockerClientFactory -- Connected to docker: 
  Server Version: 29.4.0
  API Version: 1.54
  Operating System: Docker Desktop
  Total Memory: 7936 MB
  Labels: 
    com.docker.desktop.address=unix:///Users/gaurav/Library/Containers/com.docker.docker/Data/docker-cli.sock
15:15:45.700 [main] INFO tc.testcontainers/ryuk:0.14.0 -- Creating container for image: testcontainers/ryuk:0.14.0
15:15:45.919 [main] INFO tc.testcontainers/ryuk:0.14.0 -- Container testcontainers/ryuk:0.14.0 is starting: 493eefe6aa75e152cb16b17e98ce20c2ef9aa542a78f478ce2d7d7962f3681f5
15:15:46.112 [main] INFO tc.testcontainers/ryuk:0.14.0 -- Container testcontainers/ryuk:0.14.0 started in PT0.411782S
15:15:46.115 [main] INFO org.testcontainers.utility.RyukResourceReaper -- Ryuk started - will monitor and terminate Testcontainers containers on JVM exit
15:15:46.115 [main] INFO org.testcontainers.DockerClientFactory -- Checking the system...
15:15:46.116 [main] INFO org.testcontainers.DockerClientFactory -- ✔︎ Docker server version should be at least 1.6.0
15:15:46.153 [main] INFO org.springframework.boot.test.context.SpringBootTestContextBootstrapper -- Found @SpringBootConfiguration com.gaurav.inventory_service.InventoryServiceApplication for test class com.gaurav.inventory_service.InventoryServiceApplicationTests
15:15:46.192 [main] INFO tc.mysql:8.0 -- Creating container for image: mysql:8.0
15:15:46.245 [main] INFO tc.mysql:8.0 -- Container mysql:8.0 is starting: ff3fc39b631c6f0c36197b41301c72373c5b41afa3ac0b663f941e12e566369f
15:15:46.336 [main] INFO tc.mysql:8.0 -- Waiting for database connection to become available at jdbc:mysql://localhost:57431/test using query 'SELECT 1'
15:15:50.876 [main] INFO tc.mysql:8.0 -- Container mysql:8.0 started in PT4.683844S
15:15:50.876 [main] INFO tc.mysql:8.0 -- Container is started (JDBC URL: jdbc:mysql://localhost:57431/test)

  .   ____          _            __ _ _
 /\\ / ___'_ __ _ _(_)_ __  __ _ \ \ \ \
( ( )\___ | '_ | '_| | '_ \/ _` | \ \ \ \
 \\/  ___)| |_)| | | | | || (_| |  ) ) ) )
  '  |____| .__|_| |_|_| |_\__, | / / / /
 =========|_|==============|___/=/_/_/_/

 :: Spring Boot ::                (v3.4.0)

2026-04-27T15:15:51.002+05:30  INFO 27723 --- [inventory-service] [           main] c.g.i.InventoryServiceApplicationTests   : Starting InventoryServiceApplicationTests using Java 21.0.9 with PID 27723 (started by gaurav in /Users/gaurav/Documents/spring-boot_microservice_project/inventory-service)
2026-04-27T15:15:51.003+05:30  INFO 27723 --- [inventory-service] [           main] c.g.i.InventoryServiceApplicationTests   : No active profile set, falling back to 1 default profile: "default"
2026-04-27T15:15:51.202+05:30  INFO 27723 --- [inventory-service] [           main] .s.d.r.c.RepositoryConfigurationDelegate : Bootstrapping Spring Data JPA repositories in DEFAULT mode.
2026-04-27T15:15:51.249+05:30  INFO 27723 --- [inventory-service] [           main] .s.d.r.c.RepositoryConfigurationDelegate : Finished Spring Data repository scanning in 43 ms. Found 1 JPA repository interface.
2026-04-27T15:15:51.378+05:30  INFO 27723 --- [inventory-service] [           main] o.hibernate.jpa.internal.util.LogHelper  : HHH000204: Processing PersistenceUnitInfo [name: default]
2026-04-27T15:15:51.400+05:30  INFO 27723 --- [inventory-service] [           main] org.hibernate.Version                    : HHH000412: Hibernate ORM core version 6.6.2.Final
2026-04-27T15:15:51.412+05:30  INFO 27723 --- [inventory-service] [           main] o.h.c.internal.RegionFactoryInitiator    : HHH000026: Second-level cache disabled
2026-04-27T15:15:51.504+05:30  INFO 27723 --- [inventory-service] [           main] o.s.o.j.p.SpringPersistenceUnitInfo      : No LoadTimeWeaver setup: ignoring JPA class transformer
2026-04-27T15:15:51.513+05:30  INFO 27723 --- [inventory-service] [           main] com.zaxxer.hikari.HikariDataSource       : HikariPool-1 - Starting...
2026-04-27T15:15:51.581+05:30  INFO 27723 --- [inventory-service] [           main] com.zaxxer.hikari.pool.HikariPool        : HikariPool-1 - Added connection com.mysql.cj.jdbc.ConnectionImpl@758ebec4
2026-04-27T15:15:51.582+05:30  INFO 27723 --- [inventory-service] [           main] com.zaxxer.hikari.HikariDataSource       : HikariPool-1 - Start completed.
2026-04-27T15:15:51.610+05:30  INFO 27723 --- [inventory-service] [           main] org.hibernate.orm.connections.pooling    : HHH10001005: Database info:
	Database JDBC URL [Connecting through datasource 'HikariDataSource (HikariPool-1)']
	Database driver: undefined/unknown
	Database version: 8.0.46
	Autocommit mode: undefined/unknown
	Isolation level: undefined/unknown
	Minimum pool size: undefined/unknown
	Maximum pool size: undefined/unknown
2026-04-27T15:15:51.868+05:30  INFO 27723 --- [inventory-service] [           main] o.h.e.t.j.p.i.JtaPlatformInitiator       : HHH000489: No JTA platform available (set 'hibernate.transaction.jta.platform' to enable JTA platform integration)
Hibernate: create table t_inventory (id bigint not null auto_increment, quantity integer, sku_code varchar(255), primary key (id)) engine=InnoDB
2026-04-27T15:15:51.901+05:30  INFO 27723 --- [inventory-service] [           main] j.LocalContainerEntityManagerFactoryBean : Initialized JPA EntityManagerFactory for persistence unit 'default'
2026-04-27T15:15:52.049+05:30  WARN 27723 --- [inventory-service] [           main] JpaBaseConfiguration$JpaWebConfiguration : spring.jpa.open-in-view is enabled by default. Therefore, database queries may be performed during view rendering. Explicitly configure spring.jpa.open-in-view to disable this warning
2026-04-27T15:15:52.175+05:30  INFO 27723 --- [inventory-service] [           main] o.s.b.t.m.w.SpringBootMockServletContext : Initializing Spring TestDispatcherServlet ''
2026-04-27T15:15:52.176+05:30  INFO 27723 --- [inventory-service] [           main] o.s.t.web.servlet.TestDispatcherServlet  : Initializing Servlet ''
2026-04-27T15:15:52.176+05:30  INFO 27723 --- [inventory-service] [           main] o.s.t.web.servlet.TestDispatcherServlet  : Completed initialization in 0 ms
2026-04-27T15:15:52.186+05:30  INFO 27723 --- [inventory-service] [           main] c.g.i.InventoryServiceApplicationTests   : Started InventoryServiceApplicationTests in 1.285 seconds (process running for 8.529)
Hibernate: insert into t_inventory (quantity,sku_code) values (?,?)
Hibernate: insert into t_inventory (quantity,sku_code) values (?,?)
Hibernate: select i1_0.id,i1_0.quantity,i1_0.sku_code from t_inventory i1_0 where i1_0.sku_code in (?,?)
]]></system-out>
    <system-err><![CDATA[Mockito is currently self-attaching to enable the inline-mock-maker. This will no longer work in future releases of the JDK. Please add Mockito as an agent to your build what is described in Mockito's documentation: https://javadoc.io/doc/org.mockito/mockito-core/latest/org/mockito/Mockito.html#0.3
WARNING: A Java agent has been loaded dynamically (/Users/gaurav/.m2/repository/net/bytebuddy/byte-buddy-agent/1.15.10/byte-buddy-agent-1.15.10.jar)
WARNING: If a serviceability tool is in use, please run with -XX:+EnableDynamicAgentLoading to hide this warning
WARNING: If a serviceability tool is not in use, please run with -Djdk.instrument.traceUsage for more information
WARNING: Dynamic loading of agents will be disallowed by default in a future release
]]></system-err>
  </testcase>
</testsuite>